build/app/intermediates/manifest_merge_blame_file/debug/manifest-merger-blame-debug-report.txt
1<?xml version="1.0" encoding="utf-8"?>
2<manifest xmlns:android="http://schemas.android.com/apk/res/android"
3    package="com.example.ecommerse_admin"
4    android:versionCode="2"
5    android:versionName="1.0.0" >
6
7    <uses-sdk
8        android:minSdkVersion="21"
9        android:targetSdkVersion="30" />
10    <!--
11         The INTERNET permission is required for development. Specifically,
12         the Flutter tool needs it to communicate with the running application
13         to allow setting breakpoints, to provide hot reload, etc.
14    -->
15    <uses-permission android:name="android.permission.INTERNET" />
15-->src/debug/AndroidManifest.xml:7:5-66
15-->src/debug/AndroidManifest.xml:7:22-64
16
17    <queries>
17-->[:flutter_inappwebview] AndroidManifest.xml:9:5-13:15
18        <intent>
18-->[:flutter_inappwebview] AndroidManifest.xml:10:9-12:18
19            <action android:name="android.support.customtabs.action.CustomTabsService" />
19-->[:flutter_inappwebview] AndroidManifest.xml:11:13-90
19-->[:flutter_inappwebview] AndroidManifest.xml:11:21-87
20        </intent>
21        <intent>
21-->[:file_picker] AndroidManifest.xml:12:9-16:18
22            <action android:name="android.intent.action.GET_CONTENT" />
22-->[:file_picker] AndroidManifest.xml:13:13-72
22-->[:file_picker] AndroidManifest.xml:13:21-69
23
24            <data android:mimeType="*/*" />
24-->[:file_picker] AndroidManifest.xml:15:13-44
24-->[:file_picker] AndroidManifest.xml:15:19-41
25        </intent> <!-- Needs to be explicitly declared on Android R+ -->
26        <package android:name="com.google.android.apps.maps" />
26-->[com.google.android.gms:play-services-maps:18.1.0] AndroidManifest.xml:33:9-64
26-->[com.google.android.gms:play-services-maps:18.1.0] AndroidManifest.xml:33:18-61
27    </queries>
28
29    <uses-permission android:name="android.permission.READ_EXTERNAL_STORAGE" /> <!-- Include required permissions for Google Maps API to run. -->
29-->[:file_picker] AndroidManifest.xml:9:5-80
29-->[:file_picker] AndroidManifest.xml:9:22-77
30    <uses-permission android:name="android.permission.ACCESS_NETWORK_STATE" />
30-->[com.google.android.gms:play-services-maps:18.1.0] AndroidManifest.xml:23:5-79
30-->[com.google.android.gms:play-services-maps:18.1.0] AndroidManifest.xml:23:22-76
31
32    <uses-feature
32-->[com.google.android.gms:play-services-maps:18.1.0] AndroidManifest.xml:26:5-28:35
33        android:glEsVersion="0x00020000"
33-->[com.google.android.gms:play-services-maps:18.1.0] AndroidManifest.xml:27:9-41
34        android:required="true" />
34-->[com.google.android.gms:play-services-maps:18.1.0] AndroidManifest.xml:28:9-32
35
36    <application
37        android:name="android.app.Application"
38        android:appComponentFactory="androidx.core.app.CoreComponentFactory"
38-->[androidx.core:core:1.8.0] AndroidManifest.xml:24:18-86
39        android:debuggable="true"
40        android:icon="@mipmap/ic_launcher"
41        android:label="ecommerse_admin" >
42        <activity
43            android:name="com.example.ecommerse_admin.MainActivity"
44            android:configChanges="orientation|keyboardHidden|keyboard|screenSize|smallestScreenSize|locale|layoutDirection|fontScale|screenLayout|density|uiMode"
45            android:exported="true"
46            android:hardwareAccelerated="true"
47            android:launchMode="singleTop"
48            android:theme="@style/LaunchTheme"
49            android:windowSoftInputMode="adjustResize" >
50
51            <!--
52                 Specifies an Android theme to apply to this Activity as soon as
53                 the Android process has started. This theme is visible to the user
54                 while the Flutter UI initializes. After that, this theme continues
55                 to determine the Window background behind the Flutter UI.
56            -->
57            <meta-data
58                android:name="io.flutter.embedding.android.NormalTheme"
59                android:resource="@style/NormalTheme" />
60
61            <intent-filter>
62                <action android:name="android.intent.action.MAIN" />
63
64                <category android:name="android.intent.category.LAUNCHER" />
65            </intent-filter>
66        </activity>
67        <!--
68             Don't delete the meta-data below.
69             This is used by the Flutter tool to generate GeneratedPluginRegistrant.java
70        -->
71        <meta-data
72            android:name="flutterEmbedding"
73            android:value="2" />
74
75        <activity
75-->[:flutter_inappwebview] AndroidManifest.xml:16:9-20:47
76            android:name="com.pichillilorenzo.flutter_inappwebview.in_app_browser.InAppBrowserActivity"
76-->[:flutter_inappwebview] AndroidManifest.xml:17:13-104
77            android:configChanges="orientation|keyboardHidden|keyboard|screenSize|locale|layoutDirection|fontScale|screenLayout|density"
77-->[:flutter_inappwebview] AndroidManifest.xml:18:13-137
78            android:exported="false"
78-->[:flutter_inappwebview] AndroidManifest.xml:19:13-37
79            android:theme="@style/AppTheme" />
79-->[:flutter_inappwebview] AndroidManifest.xml:20:13-44
80        <activity
80-->[:flutter_inappwebview] AndroidManifest.xml:21:9-24:55
81            android:name="com.pichillilorenzo.flutter_inappwebview.chrome_custom_tabs.ChromeCustomTabsActivity"
81-->[:flutter_inappwebview] AndroidManifest.xml:22:13-112
82            android:exported="false"
82-->[:flutter_inappwebview] AndroidManifest.xml:23:13-37
83            android:theme="@style/ThemeTransparent" />
83-->[:flutter_inappwebview] AndroidManifest.xml:24:13-52
84        <activity
84-->[:flutter_inappwebview] AndroidManifest.xml:25:9-28:55
85            android:name="com.pichillilorenzo.flutter_inappwebview.chrome_custom_tabs.TrustedWebActivity"
85-->[:flutter_inappwebview] AndroidManifest.xml:26:13-106
86            android:exported="false"
86-->[:flutter_inappwebview] AndroidManifest.xml:27:13-37
87            android:theme="@style/ThemeTransparent" />
87-->[:flutter_inappwebview] AndroidManifest.xml:28:13-52
88        <activity
88-->[:flutter_inappwebview] AndroidManifest.xml:29:9-33:55
89            android:name="com.pichillilorenzo.flutter_inappwebview.chrome_custom_tabs.ChromeCustomTabsActivitySingleInstance"
89-->[:flutter_inappwebview] AndroidManifest.xml:30:13-126
90            android:exported="false"
90-->[:flutter_inappwebview] AndroidManifest.xml:31:13-37
91            android:launchMode="singleInstance"
91-->[:flutter_inappwebview] AndroidManifest.xml:32:13-48
92            android:theme="@style/ThemeTransparent" />
92-->[:flutter_inappwebview] AndroidManifest.xml:33:13-52
93        <activity
93-->[:flutter_inappwebview] AndroidManifest.xml:34:9-38:55
94            android:name="com.pichillilorenzo.flutter_inappwebview.chrome_custom_tabs.TrustedWebActivitySingleInstance"
94-->[:flutter_inappwebview] AndroidManifest.xml:35:13-120
95            android:exported="false"
95-->[:flutter_inappwebview] AndroidManifest.xml:36:13-37
96            android:launchMode="singleInstance"
96-->[:flutter_inappwebview] AndroidManifest.xml:37:13-48
97            android:theme="@style/ThemeTransparent" />
97-->[:flutter_inappwebview] AndroidManifest.xml:38:13-52
98
99        <receiver
99-->[:flutter_inappwebview] AndroidManifest.xml:40:9-43:40
100            android:name="com.pichillilorenzo.flutter_inappwebview.chrome_custom_tabs.ActionBroadcastReceiver"
100-->[:flutter_inappwebview] AndroidManifest.xml:41:13-111
101            android:enabled="true"
101-->[:flutter_inappwebview] AndroidManifest.xml:42:13-35
102            android:exported="false" />
102-->[:flutter_inappwebview] AndroidManifest.xml:43:13-37
103
104        <meta-data
104-->[:flutter_inappwebview] AndroidManifest.xml:45:9-47:36
105            android:name="io.flutter.embedded_views_preview"
105-->[:flutter_inappwebview] AndroidManifest.xml:46:13-61
106            android:value="true" />
106-->[:flutter_inappwebview] AndroidManifest.xml:47:13-33
107
108        <activity
108-->[:url_launcher_android] AndroidManifest.xml:10:9-13:74
109            android:name="io.flutter.plugins.urllauncher.WebViewActivity"
109-->[:url_launcher_android] AndroidManifest.xml:11:13-74
110            android:exported="false"
110-->[:url_launcher_android] AndroidManifest.xml:12:13-37
111            android:theme="@android:style/Theme.NoTitleBar.Fullscreen" />
111-->[:url_launcher_android] AndroidManifest.xml:13:13-71
112
113        <provider
113-->[:printing] AndroidManifest.xml:10:9-18:20
114            android:name="net.nfet.flutter.printing.PrintFileProvider"
114-->[:printing] AndroidManifest.xml:11:13-71
115            android:authorities="com.example.ecommerse_admin.flutter.printing"
115-->[:printing] AndroidManifest.xml:12:13-68
116            android:exported="false"
116-->[:printing] AndroidManifest.xml:13:13-37
117            android:grantUriPermissions="true" >
117-->[:printing] AndroidManifest.xml:14:13-47
118            <meta-data
118-->[:printing] AndroidManifest.xml:15:13-17:71
119                android:name="android.support.FILE_PROVIDER_PATHS"
119-->[:printing] AndroidManifest.xml:16:17-67
120                android:resource="@xml/flutter_printing_file_paths" />
120-->[:printing] AndroidManifest.xml:17:17-68
121        </provider>
122
123        <uses-library
123-->[androidx.window:window:1.0.0-beta04] AndroidManifest.xml:25:9-27:40
124            android:name="androidx.window.extensions"
124-->[androidx.window:window:1.0.0-beta04] AndroidManifest.xml:26:13-54
125            android:required="false" />
125-->[androidx.window:window:1.0.0-beta04] AndroidManifest.xml:27:13-37
126        <uses-library
126-->[androidx.window:window:1.0.0-beta04] AndroidManifest.xml:28:9-30:40
127            android:name="androidx.window.sidecar"
127-->[androidx.window:window:1.0.0-beta04] AndroidManifest.xml:29:13-51
128            android:required="false" /> <!-- Needs to be explicitly declared on P+ -->
128-->[androidx.window:window:1.0.0-beta04] AndroidManifest.xml:30:13-37
129        <uses-library
129-->[com.google.android.gms:play-services-maps:18.1.0] AndroidManifest.xml:39:9-41:40
130            android:name="org.apache.http.legacy"
130-->[com.google.android.gms:play-services-maps:18.1.0] AndroidManifest.xml:40:13-50
131            android:required="false" />
131-->[com.google.android.gms:play-services-maps:18.1.0] AndroidManifest.xml:41:13-37
132
133        <activity
133-->[com.google.android.gms:play-services-base:18.0.1] AndroidManifest.xml:20:9-22:45
134            android:name="com.google.android.gms.common.api.GoogleApiActivity"
134-->[com.google.android.gms:play-services-base:18.0.1] AndroidManifest.xml:20:19-85
135            android:exported="false"
135-->[com.google.android.gms:play-services-base:18.0.1] AndroidManifest.xml:22:19-43
136            android:theme="@android:style/Theme.Translucent.NoTitleBar" />
136-->[com.google.android.gms:play-services-base:18.0.1] AndroidManifest.xml:21:19-78
137
138        <meta-data
138-->[com.google.android.gms:play-services-basement:18.0.0] AndroidManifest.xml:21:9-23:69
139            android:name="com.google.android.gms.version"
139-->[com.google.android.gms:play-services-basement:18.0.0] AndroidManifest.xml:22:13-58
140            android:value="@integer/google_play_services_version" />
140-->[com.google.android.gms:play-services-basement:18.0.0] AndroidManifest.xml:23:13-66
141
142        <provider
142-->[androidx.emoji2:emoji2:1.2.0] AndroidManifest.xml:24:9-32:20
143            android:name="androidx.startup.InitializationProvider"
143-->[androidx.emoji2:emoji2:1.2.0] AndroidManifest.xml:25:13-67
144            android:authorities="com.example.ecommerse_admin.androidx-startup"
144-->[androidx.emoji2:emoji2:1.2.0] AndroidManifest.xml:26:13-68
145            android:exported="false" >
145-->[androidx.emoji2:emoji2:1.2.0] AndroidManifest.xml:27:13-37
146            <meta-data
146-->[androidx.emoji2:emoji2:1.2.0] AndroidManifest.xml:29:13-31:52
147                android:name="androidx.emoji2.text.EmojiCompatInitializer"
147-->[androidx.emoji2:emoji2:1.2.0] AndroidManifest.xml:30:17-75
148                android:value="androidx.startup" />
148-->[androidx.emoji2:emoji2:1.2.0] AndroidManifest.xml:31:17-49
149            <meta-data
149-->[androidx.lifecycle:lifecycle-process:2.4.1] AndroidManifest.xml:31:13-33:52
150                android:name="androidx.lifecycle.ProcessLifecycleInitializer"
150-->[androidx.lifecycle:lifecycle-process:2.4.1] AndroidManifest.xml:32:17-78
151                android:value="androidx.startup" />
151-->[androidx.lifecycle:lifecycle-process:2.4.1] AndroidManifest.xml:33:17-49
152        </provider>
153    </application>
154
155</manifest>